<?xml version="1.0" encoding="UTF-8"?>
<testng-results skipped="0" failed="0" ignored="0" total="1" passed="1">
  <reporter-output>
  </reporter-output>
  <suite name="Default suite" duration-ms="5389" started-at="2017-07-12T00:38:29Z" finished-at="2017-07-12T00:38:34Z">
    <groups>
    </groups>
    <test name="Default test" duration-ms="5389" started-at="2017-07-12T00:38:29Z" finished-at="2017-07-12T00:38:34Z">
      <class name="uptake.tests.MainUptakeTest">
        <test-method status="PASS" signature="initialize()[pri:0, instance:uptake.tests.MainUptakeTest@cc285f4]" name="initialize" is-config="true" duration-ms="5196" started-at="2017-07-11T19:38:29Z" finished-at="2017-07-11T19:38:34Z">
          <reporter-output>
          </reporter-output>
        </test-method> <!-- initialize -->
        <test-method status="PASS" signature="testing()[pri:0, instance:uptake.tests.MainUptakeTest@cc285f4]" name="testing" duration-ms="23" started-at="2017-07-11T19:38:34Z" finished-at="2017-07-11T19:38:34Z">
          <reporter-output>
          </reporter-output>
        </test-method> <!-- testing -->
        <test-method status="PASS" signature="cleanUpTest()[pri:0, instance:uptake.tests.MainUptakeTest@cc285f4]" name="cleanUpTest" is-config="true" duration-ms="140" started-at="2017-07-11T19:38:34Z" finished-at="2017-07-11T19:38:34Z">
          <reporter-output>
          </reporter-output>
        </test-method> <!-- cleanUpTest -->
      </class> <!-- uptake.tests.MainUptakeTest -->
    </test> <!-- Default test -->
  </suite> <!-- Default suite -->
</testng-results>
